<?xml version="1.0" encoding="UTF-8"?>
<!-- Generated by org.testng.reporters.JUnitReportReporter -->
<testsuite skipped="0" hostname="Manojs-MacBook-Air.local" name="TestAssignement.SortingData" tests="2" failures="0" timestamp="2022-02-18T10:38:11 IST" time="19.153" errors="0">
  <testcase name="sortByScore" time="6.333" classname="TestAssignement.SortingData"/>
  <system-out/>
  <testcase name="sortByName" time="12.820" classname="TestAssignement.SortingData"/>
  <system-out/>
</testsuite> <!-- TestAssignement.SortingData -->
